<?xml version="1.0" encoding="UTF-8"?>
<testsuite name="com.jwt.controller.ResourceControllerTest" tests="1" skipped="0" failures="0" errors="0" timestamp="2022-10-10T21:45:56" hostname="DESKTOP-R7AB2GV" time="0.448">
  <properties/>
  <testcase name="whenUserAccessDeleteSecuredEndpoint_thenIsForbidden()" classname="com.jwt.controller.ResourceControllerTest" time="0.448"/>
  <system-out><![CDATA[06:45:53.409 [Test worker] DEBUG org.springframework.test.context.BootstrapUtils - Instantiating CacheAwareContextLoaderDelegate from class [org.springframework.test.context.cache.DefaultCacheAwareContextLoaderDelegate]
06:45:53.425 [Test worker] DEBUG org.springframework.test.context.BootstrapUtils - Instantiating BootstrapContext using constructor [public org.springframework.test.context.support.DefaultBootstrapContext(java.lang.Class,org.springframework.test.context.CacheAwareContextLoaderDelegate)]
06:45:53.472 [Test worker] DEBUG org.springframework.test.context.BootstrapUtils - Instantiating TestContextBootstrapper for test class [com.jwt.controller.ResourceControllerTest] from class [org.springframework.boot.test.context.SpringBootTestContextBootstrapper]
06:45:53.487 [Test worker] INFO org.springframework.boot.test.context.SpringBootTestContextBootstrapper - Neither @ContextConfiguration nor @ContextHierarchy found for test class [com.jwt.controller.ResourceControllerTest], using SpringBootContextLoader
06:45:53.503 [Test worker] DEBUG org.springframework.test.context.support.AbstractContextLoader - Did not detect default resource location for test class [com.jwt.controller.ResourceControllerTest]: class path resource [com/jwt/controller/ResourceControllerTest-context.xml] does not exist
06:45:53.503 [Test worker] DEBUG org.springframework.test.context.support.AbstractContextLoader - Did not detect default resource location for test class [com.jwt.controller.ResourceControllerTest]: class path resource [com/jwt/controller/ResourceControllerTestContext.groovy] does not exist
06:45:53.503 [Test worker] INFO org.springframework.test.context.support.AbstractContextLoader - Could not detect default resource locations for test class [com.jwt.controller.ResourceControllerTest]: no resource found for suffixes {-context.xml, Context.groovy}.
06:45:53.565 [Test worker] DEBUG org.springframework.test.context.support.ActiveProfilesUtils - Could not find an 'annotation declaring class' for annotation type [org.springframework.test.context.ActiveProfiles] and class [com.jwt.controller.ResourceControllerTest]
06:45:53.722 [Test worker] DEBUG org.springframework.boot.test.context.SpringBootTestContextBootstrapper - @TestExecutionListeners is not present for class [com.jwt.controller.ResourceControllerTest]: using defaults.
06:45:53.722 [Test worker] INFO org.springframework.boot.test.context.SpringBootTestContextBootstrapper - Loaded default TestExecutionListener class names from location [META-INF/spring.factories]: [org.springframework.security.test.context.support.WithSecurityContextTestExecutionListener, org.springframework.security.test.context.support.ReactorContextTestExecutionListener, org.springframework.boot.test.autoconfigure.restdocs.RestDocsTestExecutionListener, org.springframework.boot.test.autoconfigure.web.client.MockRestServiceServerResetTestExecutionListener, org.springframework.boot.test.autoconfigure.web.servlet.MockMvcPrintOnlyOnFailureTestExecutionListener, org.springframework.boot.test.autoconfigure.web.servlet.WebDriverTestExecutionListener, org.springframework.boot.test.autoconfigure.webservices.client.MockWebServiceServerTestExecutionListener, org.springframework.boot.test.mock.mockito.MockitoTestExecutionListener, org.springframework.boot.test.mock.mockito.ResetMocksTestExecutionListener, org.springframework.test.context.web.ServletTestExecutionListener, org.springframework.test.context.support.DirtiesContextBeforeModesTestExecutionListener, org.springframework.test.context.event.ApplicationEventsTestExecutionListener, org.springframework.test.context.support.DependencyInjectionTestExecutionListener, org.springframework.test.context.support.DirtiesContextTestExecutionListener, org.springframework.test.context.transaction.TransactionalTestExecutionListener, org.springframework.test.context.jdbc.SqlScriptsTestExecutionListener, org.springframework.test.context.event.EventPublishingTestExecutionListener]
06:45:53.737 [Test worker] INFO org.springframework.boot.test.context.SpringBootTestContextBootstrapper - Using TestExecutionListeners: [org.springframework.test.context.web.ServletTestExecutionListener@60d144bf, org.springframework.test.context.support.DirtiesContextBeforeModesTestExecutionListener@527d56db, org.springframework.test.context.event.ApplicationEventsTestExecutionListener@b9d51bd, org.springframework.boot.test.mock.mockito.MockitoTestExecutionListener@ec87226, org.springframework.boot.test.autoconfigure.SpringBootDependencyInjectionTestExecutionListener@64d62bfc, org.springframework.test.context.support.DirtiesContextTestExecutionListener@5c256233, org.springframework.test.context.transaction.TransactionalTestExecutionListener@3dd4c0b3, org.springframework.test.context.jdbc.SqlScriptsTestExecutionListener@7040cc6d, org.springframework.security.test.context.support.WithSecurityContextTestExecutionListener@251c8052, org.springframework.test.context.event.EventPublishingTestExecutionListener@525f5a38, org.springframework.security.test.context.support.ReactorContextTestExecutionListener@4995c998, org.springframework.boot.test.autoconfigure.restdocs.RestDocsTestExecutionListener@3fc05763, org.springframework.boot.test.autoconfigure.web.client.MockRestServiceServerResetTestExecutionListener@7e9f4ed9, org.springframework.boot.test.autoconfigure.web.servlet.MockMvcPrintOnlyOnFailureTestExecutionListener@563945a8, org.springframework.boot.test.autoconfigure.web.servlet.WebDriverTestExecutionListener@31878ffe, org.springframework.boot.test.autoconfigure.webservices.client.MockWebServiceServerTestExecutionListener@c41ade2, org.springframework.boot.test.mock.mockito.ResetMocksTestExecutionListener@8acc335]
06:45:53.753 [Test worker] DEBUG org.springframework.test.context.support.AbstractDirtiesContextTestExecutionListener - Before test class: context [DefaultTestContext@5f784de2 testClass = ResourceControllerTest, testInstance = [null], testMethod = [null], testException = [null], mergedContextConfiguration = [WebMergedContextConfiguration@62293056 testClass = ResourceControllerTest, locations = '{}', classes = '{class com.jwt.Application}', contextInitializerClasses = '[]', activeProfiles = '{}', propertySourceLocations = '{}', propertySourceProperties = '{org.springframework.boot.test.context.SpringBootTestContextBootstrapper=true}', contextCustomizers = set[org.springframework.boot.test.autoconfigure.actuate.metrics.MetricsExportContextCustomizerFactory$DisableMetricExportContextCustomizer@40c5c967, org.springframework.boot.test.autoconfigure.properties.PropertyMappingContextCustomizer@0, org.springframework.boot.test.autoconfigure.web.servlet.WebDriverContextCustomizerFactory$Customizer@3d0bfc93, org.springframework.boot.test.context.filter.ExcludeFilterContextCustomizer@15c3ed3b, org.springframework.boot.test.json.DuplicateJsonObjectContextCustomizerFactory$DuplicateJsonObjectContextCustomizer@4db86992, org.springframework.boot.test.mock.mockito.MockitoContextCustomizer@0, org.springframework.boot.test.web.client.TestRestTemplateContextCustomizer@799e66a5, org.springframework.boot.test.context.SpringBootTestArgs@1, org.springframework.boot.test.context.SpringBootTestWebEnvironment@4b4e7778], resourceBasePath = 'src/main/webapp', contextLoader = 'org.springframework.boot.test.context.SpringBootContextLoader', parent = [null]], attributes = map['org.springframework.test.context.web.ServletTestExecutionListener.activateListener' -> true]], class annotated with @DirtiesContext [false] with mode [null].

  .   ____          _            __ _ _
 /\\ / ___'_ __ _ _(_)_ __  __ _ \ \ \ \
( ( )\___ | '_ | '_| | '_ \/ _` | \ \ \ \
 \\/  ___)| |_)| | | | | || (_| |  ) ) ) )
  '  |____| .__|_| |_|_| |_\__, | / / / /
 =========|_|==============|___/=/_/_/_/
 :: Spring Boot ::                (v2.7.4)

2022-10-11 06:45:54.128  INFO 16072 --- [    Test worker] c.jwt.controller.ResourceControllerTest  : Starting ResourceControllerTest using Java 11.0.10 on DESKTOP-R7AB2GV with PID 16072 (started by JAESEUNG in C:\Users\JAESEUNG\Desktop\spring\JWT test)
2022-10-11 06:45:54.128  INFO 16072 --- [    Test worker] c.jwt.controller.ResourceControllerTest  : No active profile set, falling back to 1 default profile: "default"
2022-10-11 06:45:55.503  INFO 16072 --- [    Test worker] o.s.s.web.DefaultSecurityFilterChain     : Will secure any request with [org.springframework.security.web.session.DisableEncodeUrlFilter@158f7bf9, org.springframework.security.web.context.request.async.WebAsyncManagerIntegrationFilter@2db508fd, org.springframework.security.web.context.SecurityContextPersistenceFilter@28bdcba5, org.springframework.security.web.header.HeaderWriterFilter@21494ab, org.springframework.security.web.authentication.logout.LogoutFilter@44d2ee54, org.springframework.security.web.authentication.www.BasicAuthenticationFilter@4d4586cb, org.springframework.security.web.savedrequest.RequestCacheAwareFilter@153021ab, org.springframework.security.web.servletapi.SecurityContextHolderAwareRequestFilter@5316204b, org.springframework.security.web.authentication.AnonymousAuthenticationFilter@617b7eba, org.springframework.security.web.session.SessionManagementFilter@11ca78c2, org.springframework.security.web.access.ExceptionTranslationFilter@6a350a20, org.springframework.security.web.access.intercept.FilterSecurityInterceptor@7b1bf7b4]
2022-10-11 06:45:56.175  WARN 16072 --- [    Test worker] o.s.s.c.a.web.builders.WebSecurity       : You are asking Spring Security to ignore Ant [pattern='/css/**']. This is not recommended -- please use permitAll via HttpSecurity#authorizeHttpRequests instead.
2022-10-11 06:45:56.175  INFO 16072 --- [    Test worker] o.s.s.web.DefaultSecurityFilterChain     : Will not secure Ant [pattern='/css/**']
2022-10-11 06:45:56.175  WARN 16072 --- [    Test worker] o.s.s.c.a.web.builders.WebSecurity       : You are asking Spring Security to ignore Ant [pattern='/js/**']. This is not recommended -- please use permitAll via HttpSecurity#authorizeHttpRequests instead.
2022-10-11 06:45:56.175  INFO 16072 --- [    Test worker] o.s.s.web.DefaultSecurityFilterChain     : Will not secure Ant [pattern='/js/**']
2022-10-11 06:45:56.175  WARN 16072 --- [    Test worker] o.s.s.c.a.web.builders.WebSecurity       : You are asking Spring Security to ignore Ant [pattern='/img/**']. This is not recommended -- please use permitAll via HttpSecurity#authorizeHttpRequests instead.
2022-10-11 06:45:56.175  INFO 16072 --- [    Test worker] o.s.s.web.DefaultSecurityFilterChain     : Will not secure Ant [pattern='/img/**']
2022-10-11 06:45:56.175  WARN 16072 --- [    Test worker] o.s.s.c.a.web.builders.WebSecurity       : You are asking Spring Security to ignore Ant [pattern='/lib/**']. This is not recommended -- please use permitAll via HttpSecurity#authorizeHttpRequests instead.
2022-10-11 06:45:56.175  INFO 16072 --- [    Test worker] o.s.s.web.DefaultSecurityFilterChain     : Will not secure Ant [pattern='/lib/**']
2022-10-11 06:45:56.175  WARN 16072 --- [    Test worker] o.s.s.c.a.web.builders.WebSecurity       : You are asking Spring Security to ignore Ant [pattern='/favicon.ico']. This is not recommended -- please use permitAll via HttpSecurity#authorizeHttpRequests instead.
2022-10-11 06:45:56.175  INFO 16072 --- [    Test worker] o.s.s.web.DefaultSecurityFilterChain     : Will not secure Ant [pattern='/favicon.ico']
2022-10-11 06:45:56.190  WARN 16072 --- [    Test worker] o.s.s.c.a.web.builders.WebSecurity       : 

********************************************************************
**********        Security debugging is enabled.       *************
**********    This may include sensitive information.  *************
**********      Do not use in a production system!     *************
********************************************************************


2022-10-11 06:45:56.300  INFO 16072 --- [    Test worker] c.jwt.controller.ResourceControllerTest  : Started ResourceControllerTest in 2.514 seconds (JVM running for 5.013)
2022-10-11 06:45:56.737  INFO 16072 --- [    Test worker] o.s.b.t.m.w.SpringBootMockServletContext : Initializing Spring TestDispatcherServlet ''
2022-10-11 06:45:56.737  INFO 16072 --- [    Test worker] o.s.t.web.servlet.TestDispatcherServlet  : Initializing Servlet ''
2022-10-11 06:45:56.737  INFO 16072 --- [    Test worker] o.s.t.web.servlet.TestDispatcherServlet  : Completed initialization in 0 ms
2022-10-11 06:45:56.753  INFO 16072 --- [    Test worker] Spring Security Debugger                 : 

************************************************************

Request received for DELETE '/delete':

org.springframework.mock.web.MockHttpServletRequest@10fffeb0

servletPath:
pathInfo:/delete
headers: 


Security filter chain: [
  DisableEncodeUrlFilter
  WebAsyncManagerIntegrationFilter
  SecurityContextPersistenceFilter
  HeaderWriterFilter
  LogoutFilter
  BasicAuthenticationFilter
  RequestCacheAwareFilter
  SecurityContextHolderAwareRequestFilter
  AnonymousAuthenticationFilter
  SessionManagementFilter
  ExceptionTranslationFilter
  FilterSecurityInterceptor
]


************************************************************


]]></system-out>
  <system-err><![CDATA[]]></system-err>
</testsuite>
